[80]PROTO:
[8A]PUSH LONG1
[2E]STOP

[80]PROTO:
[4D]PUSH BININT2
[2E]STOP

[80]PROTO:
[7D]PUSH EMPTY_DICTIONARY
[71]BINPUT
[28]MARK
[58]PUSH BINUNICODE
[71]BINPUT
[4D]PUSH BININT2
[58]PUSH BINUNICODE
[71]BINPUT
[89]PUSH True
[58]PUSH BINUNICODE
[71]BINPUT
[7D]PUSH EMPTY_DICTIONARY
[71]BINPUT
[28]MARK
[58]PUSH BINUNICODE
[71]BINPUT
[4B]PUSH BININT1
[58]PUSH BINUNICODE
[71]BINPUT
[4B]PUSH BININT1
[58]PUSH BINUNICODE
[71]BINPUT
[4B]PUSH BININT1
[75]SET_ITEMS
[75]SET_ITEMS
[2E]STOP

[80]PROTO:
[63]GLOBAL
[71]BINPUT
[29]PUSH EMPTY_TUPLE
[52]REDUCE
[71]BINPUT
[28]MARK
[58]PUSH BINUNICODE
[71]BINPUT
[63]GLOBAL
[71]BINPUT
[28]MARK
[28]MARK
[58]PUSH BINUNICODE
[71]BINPUT
[63]GLOBAL
[71]BINPUT
[58]PUSH BINUNICODE
[71]BINPUT
[58]PUSH BINUNICODE
[71]BINPUT
[4D]PUSH BININT2
[4E]PUSH None
[74]PUSH TUPLE
[71]BINPUT
[51]PUSH BINPERSID
[4B]PUSH BININT1
[28]MARK
[4B]PUSH BININT1
[4B]PUSH BININT1
[4B]PUSH BININT1
[4B]PUSH BININT1
[74]PUSH TUPLE
[71]BINPUT
[28]MARK
[4B]PUSH BININT1
[4B]PUSH BININT1
[4B]PUSH BININT1
[4B]PUSH BININT1
[74]PUSH TUPLE
[71]BINPUT
[89]PUSH False
[68]BINGET
[29]PUSH EMPTY_TUPLE
[52]REDUCE
[71]BINPUT
[74]PUSH TUPLE
[71]BINPUT
[52]REDUCE
[71]BINPUT
[58]PUSH BINUNICODE
[71]BINPUT
[68]BINGET
[28]MARK
[28]MARK
[68]BINGET
[68]BINGET
[58]PUSH BINUNICODE
[71]BINPUT
[68]BINGET
[4B]PUSH BININT1
[4E]PUSH None
[74]PUSH TUPLE
[71]BINPUT
[51]PUSH BINPERSID
[4B]PUSH BININT1
[4B]PUSH BININT1
[85]PUSH TUPLE1
[71]BINPUT
[4B]PUSH BININT1
[85]PUSH TUPLE1
[71]BINPUT
[89]PUSH False
[68]BINGET
[29]PUSH EMPTY_TUPLE
[52]REDUCE
[71]BINPUT
[74]PUSH TUPLE
[71]BINPUT
[52]REDUCE
[71]BINPUT
[58]PUSH BINUNICODE
[71]BINPUT
[68]BINGET
[28]MARK
[28]MARK
[68]BINGET
[68]BINGET
[58]PUSH BINUNICODE
[71]BINPUT
[68]BINGET
[4D]PUSH BININT2
[4E]PUSH None
[74]PUSH TUPLE
[71]BINPUT
[51]PUSH BINPERSID
[4B]PUSH BININT1
[28]MARK
[4B]PUSH BININT1
[4B]PUSH BININT1
[4B]PUSH BININT1
[4B]PUSH BININT1
[74]PUSH TUPLE
[71]BINPUT
[28]MARK
[4D]PUSH BININT2
[4B]PUSH BININT1
[4B]PUSH BININT1
[4B]PUSH BININT1
[74]PUSH TUPLE
[71]BINPUT
[89]PUSH False
[68]BINGET
[29]PUSH EMPTY_TUPLE
[52]REDUCE
[71]BINPUT
[74]PUSH TUPLE
[71]BINPUT
[52]REDUCE
[71]BINPUT
[58]PUSH BINUNICODE
[71]BINPUT
[68]BINGET
[28]MARK
[28]MARK
[68]BINGET
[68]BINGET
[58]PUSH BINUNICODE
[71]BINPUT
[68]BINGET
[4B]PUSH BININT1
[4E]PUSH None
[74]PUSH TUPLE
[71]BINPUT
[51]PUSH BINPERSID
[4B]PUSH BININT1
[4B]PUSH BININT1
[85]PUSH TUPLE1
[71]BINPUT
[4B]PUSH BININT1
[85]PUSH TUPLE1
[71]BINPUT
[89]PUSH False
[68]BINGET
[29]PUSH EMPTY_TUPLE
[52]REDUCE
[71]BINPUT
[74]PUSH TUPLE
[71]BINPUT
[52]REDUCE
[71]BINPUT
[58]PUSH BINUNICODE
[71]BINPUT
[68]BINGET
[28]MARK
[28]MARK
[68]BINGET
[68]BINGET
[58]PUSH BINUNICODE
[71]BINPUT
[68]BINGET
[4A]PUSH BININT
[4E]PUSH None
[74]PUSH TUPLE
[71]BINPUT
[51]PUSH BINPERSID
[4B]PUSH BININT1
[4B]PUSH BININT1
[4D]PUSH BININT2
[86]PUSH TUPLE2
[71]BINPUT
[4D]PUSH BININT2
[4B]PUSH BININT1
[86]PUSH TUPLE2
[71]BINPUT
[89]PUSH False
[68]BINGET
[29]PUSH EMPTY_TUPLE
[52]REDUCE
[71]BINPUT
[74]PUSH TUPLE
[71]BINPUT
[52]REDUCE
[71]BINPUT
[58]PUSH BINUNICODE
[71]BINPUT
[68]BINGET
[28]MARK
[28]MARK
[68]BINGET
[68]BINGET
[58]PUSH BINUNICODE
[71]BINPUT
[68]BINGET
[4B]PUSH BININT1
[4E]PUSH None
[74]PUSH TUPLE
[71]BINPUT
[51]PUSH BINPERSID
[4B]PUSH BININT1
[4B]PUSH BININT1
[85]PUSH TUPLE1
[71]BINPUT
[4B]PUSH BININT1
[85]PUSH TUPLE1
[71]BINPUT
[89]PUSH False
[68]BINGET
[29]PUSH EMPTY_TUPLE
[52]REDUCE
[71]BINPUT
[74]PUSH TUPLE
[71]BINPUT
[52]REDUCE
[71]BINPUT
[58]PUSH BINUNICODE
[71]BINPUT
[68]BINGET
[28]MARK
[28]MARK
[68]BINGET
[68]BINGET
[58]PUSH BINUNICODE
[71]BINPUT
[68]BINGET
[4D]PUSH BININT2
[4E]PUSH None
[74]PUSH TUPLE
[71]BINPUT
[51]PUSH BINPERSID
[4B]PUSH BININT1
[4B]PUSH BININT1
[4B]PUSH BININT1
[86]PUSH TUPLE2
[71]BINPUT
[4B]PUSH BININT1
[4B]PUSH BININT1
[86]PUSH TUPLE2
[71]BINPUT
[89]PUSH False
[68]BINGET
[29]PUSH EMPTY_TUPLE
[52]REDUCE
[71]BINPUT
[74]PUSH TUPLE
[71]BINPUT
[52]REDUCE
[71]BINPUT
[58]PUSH BINUNICODE
[71]BINPUT
[68]BINGET
[28]MARK
[28]MARK
[68]BINGET
[68]BINGET
[58]PUSH BINUNICODE
[71]BINPUT
[68]BINGET
[4B]PUSH BININT1
[4E]PUSH None
[74]PUSH TUPLE
[71]BINPUT
[51]PUSH BINPERSID
[4B]PUSH BININT1
[4B]PUSH BININT1
[85]PUSH TUPLE1
[71]BINPUT
[4B]PUSH BININT1
[85]PUSH TUPLE1
[71]BINPUT
[89]PUSH False
[68]BINGET
[29]PUSH EMPTY_TUPLE
[52]REDUCE
[71]BINPUT
[74]PUSH TUPLE
[71]BINPUT
[52]REDUCE
[71]BINPUT
[75]SET_ITEMS
[7D]PUSH EMPTY_DICTIONARY
[71]BINPUT
[58]PUSH BINUNICODE
[71]BINPUT
[68]BINGET
[29]PUSH EMPTY_TUPLE
[52]REDUCE
[71]BINPUT
[28]MARK
[58]PUSH BINUNICODE
[71]BINPUT
[7D]PUSH EMPTY_DICTIONARY
[71]BINPUT
[58]PUSH BINUNICODE
[71]BINPUT
[4B]PUSH BININT1
[73]SET_ITEM
[58]PUSH BINUNICODE
[71]BINPUT
[7D]PUSH EMPTY_DICTIONARY
[71]BINPUT
[68]BINGET
[4B]PUSH BININT1
[73]SET_ITEM
[58]PUSH BINUNICODE
[71]BINPUT
[7D]PUSH EMPTY_DICTIONARY
[71]BINPUT
[68]BINGET
[4B]PUSH BININT1
[73]SET_ITEM
[58]PUSH BINUNICODE
[71]BINPUT
[7D]PUSH EMPTY_DICTIONARY
[71]BINPUT
[68]BINGET
[4B]PUSH BININT1
[73]SET_ITEM
[58]PUSH BINUNICODE
[71]BINPUT
[7D]PUSH EMPTY_DICTIONARY
[71]BINPUT
[68]BINGET
[4B]PUSH BININT1
[73]SET_ITEM
[58]PUSH BINUNICODE
[71]BINPUT
[7D]PUSH EMPTY_DICTIONARY
[71]BINPUT
[68]BINGET
[4B]PUSH BININT1
[73]SET_ITEM
[58]PUSH BINUNICODE
[71]BINPUT
[7D]PUSH EMPTY_DICTIONARY
[71]BINPUT
[68]BINGET
[4B]PUSH BININT1
[73]SET_ITEM
[75]SET_ITEMS
[73]SET_ITEM
[62]BUILD
[2E]STOP

[80]PROTO:
[5D]PUSH EMPTY_LIST
[71]BINPUT
[28]MARK
[58]PUSH BINUNICODE
[71]BINPUT
[58]PUSH BINUNICODE
[71]BINPUT
[58]PUSH BINUNICODE
[71]BINPUT
[58]PUSH BINUNICODE
[71]BINPUT
[58]PUSH BINUNICODE
[71]BINPUT
[58]PUSH BINUNICODE
[71]BINPUT
[58]PUSH BINUNICODE
[71]BINPUT
[58]PUSH BINUNICODE
[71]BINPUT
[65]APPENDS
[2E]STOP
